Warning: Setting up fake worker.
Warning: Unsupported: field.type of Link
Warning: NOT valid form element
Warning: Unsupported: field.type of Link
Warning: NOT valid form element
Warning: Unsupported: field.type of Link
Warning: NOT valid form element
Warning: Unsupported: field.type of Link
Warning: NOT valid form element
Warning: Unsupported: field.type of Link
Warning: NOT valid form element
Warning: Unsupported: field.type of Link
Warning: NOT valid form element
Warning: Unsupported: field.type of Link
Warning: NOT valid form element
Warning: Unsupported: field.type of Link
Warning: NOT valid form element
{
  "$schema": "https://jsonresume.org/schema/1.0.0/resume.json",
  "basics": {
    "name": "Alexander Pico",
    "label": "Research Investigator and Core Director of Bioinformatics at Gladstone Institutes",
    "location": {
      "city": "San Francisco",
      "region": "California",
      "countryCode": "United States"
    },
    "summary": "PhD in molecular biology and biophysics with bioinformatics experience in data mining, analysis, visualization and integration. Experience in managing software development to put tools in the hands of bench biologists. Expertise in pathway modeling and analysis, multiomics, polymorphisms, structural biology and ion channels.",
    "email": "alex.pico@gladstone.ucsf.edu",
    "profiles": [
      {
        "network": "LinkedIn",
        "username": "apico",
        "url": "https://www.linkedin.com/in/apico"
      }
    ]
  },
  "work": [
    {
      "name": "Gladstone Institutes",
      "position": "Bioinformatics Core Director, Research Investigator",
      "startDate": "2020-01",
      "location": "San Francisco, California, United States"
    },
    {
      "name": "Gladstone Institutes",
      "position": "Vice President",
      "startDate": "2013-04"
    },
    {
      "name": "Gladstone Institutes",
      "position": "Associate Core Director of Bioinformatics",
      "startDate": "2013-01",
      "endDate": "2020-01",
      "location": "UCSF Mission Bay Campus"
    },
    {
      "name": "Gladstone Institutes",
      "position": "Staff Research Scientist II, Bioinformatics Group Leader",
      "startDate": "2011-01",
      "endDate": "2013-01"
    },
    {
      "name": "Gladstone Institutes",
      "position": "Executive Director",
      "startDate": "2010-09"
    },
    {
      "name": "Gladstone Institutes",
      "position": "Software Engineer, Bioinformatics Group Leader",
      "startDate": "2007-09",
      "endDate": "2011-01"
    },
    {
      "name": "Gladstone Institutes",
      "position": "Google Summer of Code Org Admin",
      "startDate": "2007-02",
      "url": "https://nrnb.org/gsoc"
    },
    {
      "name": "Gladstone Institutes",
      "position": "Postdoctoral Fellow",
      "startDate": "2004-04",
      "endDate": "2007-09"
    }
  ],
  "education": [
    {
      "institution": "The Rockefeller University",
      "studyType": "PhD",
      "area": "Molecular Neurobiology and Biophysics",
      "startDate": "1998",
      "endDate": "2003"
    },
    {
      "institution": "University of Oregon",
      "studyType": "B.S",
      "area": "Biochemistry",
      "startDate": "1994",
      "endDate": "1998"
    },
    {
      "institution": "Coursera",
      "area": "Computer Programming, Functional Programming, Data Analysis, Neuroscience, Gamification, HCI",
      "startDate": "2012"
    }
  ],
  "skills": [
    {
      "name": "MySQL"
    },
    {
      "name": "PHP"
    },
    {
      "name": "Linux"
    }
  ],
  "certificates": [
    {
      "name": "Computing for Data Analysis"
    },
    {
      "name": "Data Analysis"
    },
    {
      "name": "Programming Languages"
    },
    {
      "name": "Synapses, Neurons and Brains"
    }
  ],
  "publications": [
    {
      "name": "Mining Biological Pathways Using"
    },
    {
      "name": "WikiPathways Web Services"
    },
    {
      "name": "WikiPathways: building research"
    },
    {
      "name": "communities on biological pathways"
    },
    {
      "name": "PathVisio 3: an extendable pathway"
    },
    {
      "name": "analysis toolbox."
    },
    {
      "name": "WikiPathways: capturing the full"
    },
    {
      "name": "diversity of pathway knowledge."
    },
    {
      "name": "Finding the Right Questions:"
    },
    {
      "name": "Exploratory Pathway Analysis to"
    },
    {
      "name": "Enhance Biological Discovery in"
    },
    {
      "name": "Large Datasets."
    }
  ]
}
