Warning: Setting up fake worker.
Warning: Unsupported: field.type of Link
Warning: NOT valid form element
Warning: Unsupported: field.type of Link
Warning: NOT valid form element
{
  "$schema": "https://jsonresume.org/schema/1.0.0/resume.json",
  "basics": {
    "name": "Karamarie Fecho",
    "label": "Founder and CEO, Copperline Professional Solutions, LLC Raleigh-Durham-Chapel Hill Area",
    "location": {
      "city": "Raleigh-Durham-Chapel Hill Area"
    },
    "profiles": [
      {
        "network": "LinkedIn",
        "username": "karamarie-",
        "url": "https://www.linkedin.com/in/karamarie-"
      }
    ]
  },
  "work": [],
  "education": [],
  "skills": [
    {
      "name": "Environmental Health"
    },
    {
      "name": "Anesthesiology and Pain Medicine"
    },
    {
      "name": "Neuroscience"
    }
  ]
}
